<?xml version="1.0" encoding="UTF-8"?>
<testsuite name="com.teamtreehouse.service.InstructionServiceTest" tests="4" skipped="0" failures="0" errors="0" timestamp="2017-09-28T01:10:20" hostname="MacBook-Pro.local" time="0.004">
  <properties/>
  <testcase name="findAll_ShouldReturnTwo" classname="com.teamtreehouse.service.InstructionServiceTest" time="0.001"/>
  <testcase name="findById_ShouldReturnOne" classname="com.teamtreehouse.service.InstructionServiceTest" time="0.0"/>
  <testcase name="saveInstructionTest" classname="com.teamtreehouse.service.InstructionServiceTest" time="0.0"/>
  <testcase name="deleteInstructionTest" classname="com.teamtreehouse.service.InstructionServiceTest" time="0.0"/>
  <system-out><![CDATA[]]></system-out>
  <system-err><![CDATA[]]></system-err>
</testsuite>
