<?xml version="1.0" encoding="UTF-8"?>
<testsuite name="com.teamtreehouse.service.DetailsServiceTest" tests="2" skipped="0" failures="0" errors="0" timestamp="2017-09-28T01:10:20" hostname="MacBook-Pro.local" time="0.186">
  <properties/>
  <testcase name="createUserAccountTest" classname="com.teamtreehouse.service.DetailsServiceTest" time="0.185"/>
  <testcase name="usernameNotFoundExceptionTest" classname="com.teamtreehouse.service.DetailsServiceTest" time="0.0"/>
  <system-out><![CDATA[]]></system-out>
  <system-err><![CDATA[]]></system-err>
</testsuite>
