<?xml version="1.0" encoding="UTF-8"?>
<testsuite name="com.teamtreehouse.service.CategoryServiceTest" tests="4" skipped="0" failures="0" errors="0" timestamp="2017-09-28T01:10:20" hostname="MacBook-Pro.local" time="0.041">
  <properties/>
  <testcase name="saveCategoryTest" classname="com.teamtreehouse.service.CategoryServiceTest" time="0.026"/>
  <testcase name="deleteCategoryTest" classname="com.teamtreehouse.service.CategoryServiceTest" time="0.001"/>
  <testcase name="findAll_ShouldReturnTwo" classname="com.teamtreehouse.service.CategoryServiceTest" time="0.001"/>
  <testcase name="findById_ShouldReturnOne" classname="com.teamtreehouse.service.CategoryServiceTest" time="0.011"/>
  <system-out><![CDATA[]]></system-out>
  <system-err><![CDATA[]]></system-err>
</testsuite>
